<?xml version="1.0" encoding="UTF-8"?>
<!-- Generated by org.testng.reporters.JUnitReportReporter -->
<testsuite hostname="DESKTOP-LNOM69A" name="vtiger.Test_CreateProduct" tests="2" failures="0" timestamp="28 Feb 2021 11:45:08 GMT" time="158.180" errors="0">
  <testcase name="createProduct_without_active" time="53.882" classname="vtiger.Test_CreateProduct"/>
  <testcase name="createProduct" time="104.298" classname="vtiger.Test_CreateProduct"/>
</testsuite> <!-- vtiger.Test_CreateProduct -->
