<?xml version="1.0" encoding="UTF-8"?>
<!-- Generated by org.testng.reporters.JUnitReportReporter -->
<testsuite hostname="DESKTOP-LNOM69A" name="gridProject.CrossBrowserTesting" tests="1" failures="0" timestamp="7 Feb 2021 17:49:01 GMT" time="10.748" errors="0">
  <testcase name="cbt" time="10.748" classname="gridProject.CrossBrowserTesting"/>
</testsuite> <!-- gridProject.CrossBrowserTesting -->
