<?xml version="1.0" encoding="UTF-8"?>
<!-- Generated by org.testng.reporters.JUnitReportReporter -->
<testsuite hostname="DESKTOP-LNOM69A" name="vtiger.Test_CreateProduct002" tests="1" failures="0" timestamp="4 Feb 2021 06:06:37 GMT" time="40.268" errors="0">
  <testcase name="createQuickproduct_withTeamSales" time="40.268" classname="vtiger.Test_CreateProduct002"/>
</testsuite> <!-- vtiger.Test_CreateProduct002 -->
