<?xml version="1.0" encoding="UTF-8"?>
<!-- Generated by org.testng.reporters.JUnitReportReporter -->
<testsuite hostname="DESKTOP-LNOM69A" name="com.mmt.SampleTest" tests="1" failures="0" timestamp="28 Jan 2021 05:08:38 GMT" time="0.157" errors="0">
  <testcase name="createContactTest" time="0.157" classname="com.mmt.SampleTest"/>
</testsuite> <!-- com.mmt.SampleTest -->
