<?xml version="1.0" encoding="UTF-8"?>
<!-- Generated by org.testng.reporters.JUnitReportReporter -->
<testsuite hostname="DESKTOP-LNOM69A" name="gridProject.SampleTest" tests="1" failures="0" timestamp="7 Feb 2021 19:52:08 GMT" time="0.036" errors="0">
  <testcase name="createContactTest" time="0.036" classname="gridProject.SampleTest"/>
</testsuite> <!-- gridProject.SampleTest -->
