<?xml version="1.0" encoding="UTF-8"?>
<!-- Generated by org.testng.reporters.JUnitReportReporter -->
<testsuite hostname="DESKTOP-LNOM69A" name="vtiger.Test_CreateProduct002" tests="2" failures="0" timestamp="10 Feb 2021 09:05:43 GMT" time="105.630" errors="0">
  <testcase name="createProduct_withQuickCreate" time="45.173" classname="vtiger.Test_CreateProduct002"/>
  <testcase name="createQuickproduct_withTeamSales" time="60.457" classname="vtiger.Test_CreateProduct002"/>
</testsuite> <!-- vtiger.Test_CreateProduct002 -->
